% mean class accuracy (train set)	
 7.1267e+01	
 8.3400e+01	
 8.4867e+01	
 8.5667e+01	
 8.6600e+01	
 8.7800e+01	
 8.8333e+01	
 8.7267e+01	
 8.8667e+01	
 8.8467e+01	
 8.9133e+01	
 8.9133e+01	
 9.0200e+01	
 9.0067e+01	
 9.0267e+01	
 9.1133e+01	
 9.0933e+01	
 9.1133e+01	
 9.1667e+01	
 9.1667e+01	
 9.2867e+01	
 9.2067e+01	
 9.2467e+01	
 9.2600e+01	
 9.3200e+01	
 9.3267e+01	
 9.3533e+01	
 9.3733e+01	
 9.4067e+01	
 9.3933e+01	
 9.4533e+01	
 9.5133e+01	
 9.4600e+01	
 9.4533e+01	
 9.4800e+01	
 9.4933e+01	
 9.5400e+01	
 9.5667e+01	
 9.5400e+01	
 9.5667e+01	
 9.5600e+01	
 9.5533e+01	
 9.6000e+01	
 9.6333e+01	
 9.6333e+01	
 9.6933e+01	
 9.6867e+01	
 9.6400e+01	
 9.6733e+01	
 9.6800e+01	
 9.6467e+01	
 9.7133e+01	
 9.7267e+01	
 9.7733e+01	
 9.7467e+01	
 9.7800e+01	
 9.7933e+01	
 9.7733e+01	
 9.7733e+01	
 9.8267e+01	
 9.7733e+01	
 9.8200e+01	
 9.8133e+01	
 9.8400e+01	
 9.8533e+01	
 9.8800e+01	
 9.8800e+01	
 9.8467e+01	
 9.8200e+01	
 9.8667e+01	
 9.9133e+01	
 9.8800e+01	
 9.9000e+01	
 9.9133e+01	
 9.9200e+01	
 9.9000e+01	
 9.9067e+01	
 9.9133e+01	
 9.8867e+01	
 9.9400e+01	
 9.9533e+01	
 9.9400e+01	
 9.9467e+01	
 9.9600e+01	
 9.9600e+01	
 9.9600e+01	
 9.9733e+01	
 9.9467e+01	
 9.9933e+01	
 9.9867e+01	
 9.9933e+01	
 9.9600e+01	
 9.9867e+01	
 9.9800e+01	
 9.9933e+01	
 9.9933e+01	
 9.9867e+01	
 9.9800e+01	
 9.9800e+01	
 9.9933e+01	
 1.0000e+02	
 9.9933e+01	
 9.9933e+01	
 1.0000e+02	
 9.9933e+01	
 9.9933e+01	
 1.0000e+02	
 1.0000e+02	
 1.0000e+02	
 1.0000e+02	
 1.0000e+02	
 1.0000e+02	
 1.0000e+02	
 1.0000e+02	
 1.0000e+02	
 1.0000e+02	
 1.0000e+02	
 1.0000e+02	
 1.0000e+02	
 1.0000e+02	
 1.0000e+02	
 1.0000e+02	
 1.0000e+02	
 1.0000e+02	
 1.0000e+02	
 1.0000e+02	
 1.0000e+02	
 1.0000e+02	
 1.0000e+02	
 1.0000e+02	
 1.0000e+02	
 1.0000e+02	
 1.0000e+02	
 1.0000e+02	
 1.0000e+02	
 1.0000e+02	
 1.0000e+02	
